{"C:\\Users\\user\\Desktop\\ajs-test-ci-2\\src\\players.js": {"path":"C:\\Users\\user\\Desktop\\ajs-test-ci-2\\src\\players.js","statementMap":{"0":{"start":{"line":2,"column":2},"end":{"line":2,"column":64}},"1":{"start":{"line":2,"column":33},"end":{"line":2,"column":61}}},"fnMap":{"0":{"name":"showPlayers","decl":{"start":{"line":1,"column":24},"end":{"line":1,"column":35}},"loc":{"start":{"line":1,"column":45},"end":{"line":3,"column":1}},"line":1},"1":{"name":"(anonymous_1)","decl":{"start":{"line":2,"column":22},"end":{"line":2,"column":23}},"loc":{"start":{"line":2,"column":33},"end":{"line":2,"column":61}},"line":2}},"branchMap":{"0":{"loc":{"start":{"line":2,"column":33},"end":{"line":2,"column":61}},"type":"cond-expr","locations":[{"start":{"line":2,"column":55},"end":{"line":2,"column":56}},{"start":{"line":2,"column":59},"end":{"line":2,"column":61}}],"line":2}},"s":{"0":1,"1":4},"f":{"0":1,"1":4},"b":{"0":[2,2]},"_coverageSchema":"1a1c01bbd47fc00a2c39e90264f33305004495a9","hash":"332773afc10440f7e93c032a5f4fb4b898139584"}
}
